<?xml version="1.0" encoding="UTF-8"?>
<Site BuildName="(empty)"
	BuildStamp="20240125-1146-Experimental"
	Name="ricardo-G551JW"
	Generator="ctest-3.16.3"
	CompilerName="/usr/bin/c++"
	CompilerVersion="9.4.0"
	OSName="Linux"
	Hostname="ricardo-G551JW"
	OSRelease="5.15.0-91-generic"
	OSVersion="#101~20.04.1-Ubuntu SMP Thu Nov 16 14:22:28 UTC 2023"
	OSPlatform="x86_64"
	Is64Bits="1"
	VendorString="GenuineIntel"
	VendorID="Intel Corporation"
	FamilyID="6"
	ModelID="60"
	ProcessorCacheSize="6144"
	NumberOfLogicalCPU="8"
	NumberOfPhysicalCPU="4"
	TotalVirtualMemory="3905"
	TotalPhysicalMemory="15877"
	LogicalProcessorsPerPhysical="2"
	ProcessorClockFrequency="2363.54"
	>
	<Testing>
		<StartDateTime>Jan 25 11:46 WET</StartDateTime>
		<StartTestTime>1706183163</StartTestTime>
		<TestList/>
		<EndDateTime>Jan 25 11:46 WET</EndDateTime>
		<EndTestTime>1706183163</EndTestTime>
		<ElapsedMinutes>0</ElapsedMinutes>
	</Testing>
</Site>
